This file contains any messages produced by compilers while
running configure, to aid debugging if configure makes a mistake.

It was created by configure, which was
generated by GNU Autoconf 2.63.  Invocation command line was

  $ ./configure 

## --------- ##
## Platform. ##
## --------- ##

hostname = brunou-IdeaPad-3-14ADA05
uname -m = x86_64
uname -r = 5.15.0-71-generic
uname -s = Linux
uname -v = #78~20.04.1-Ubuntu SMP Wed Apr 19 11:26:48 UTC 2023

/usr/bin/uname -p = x86_64
/bin/uname -X     = unknown

/bin/arch              = x86_64
/usr/bin/arch -k       = unknown
/usr/convex/getsysinfo = unknown
/usr/bin/hostinfo      = unknown
/bin/machine           = unknown
/usr/bin/oslevel       = unknown
/bin/universe          = unknown

PATH: /usr/local/sbin
PATH: /usr/local/bin
PATH: /usr/sbin
PATH: /usr/bin
PATH: /sbin
PATH: /bin
PATH: /snap/bin


## ----------- ##
## Core tests. ##
## ----------- ##

configure:2024: WARNING: Libtool does not cope well with whitespace in `pwd`
configure:2084: checking build system type
configure:2102: result: x86_64-unknown-linux-gnu
configure:2124: checking host system type
configure:2139: result: x86_64-unknown-linux-gnu
configure:2209: checking for gcc
configure:2225: found /usr/bin/gcc
configure:2236: result: gcc
configure:2468: checking for C compiler version
configure:2476: gcc --version >&5
gcc (Ubuntu 9.4.0-1ubuntu1~20.04.1) 9.4.0
Copyright (C) 2019 Free Software Foundation, Inc.
This is free software; see the source for copying conditions.  There is NO
warranty; not even for MERCHANTABILITY or FITNESS FOR A PARTICULAR PURPOSE.

configure:2480: $? = 0
configure:2487: gcc -v >&5
Using built-in specs.
COLLECT_GCC=gcc
COLLECT_LTO_WRAPPER=/usr/lib/gcc/x86_64-linux-gnu/9/lto-wrapper
OFFLOAD_TARGET_NAMES=nvptx-none:hsa
OFFLOAD_TARGET_DEFAULT=1
Target: x86_64-linux-gnu
Configured with: ../src/configure -v --with-pkgversion='Ubuntu 9.4.0-1ubuntu1~20.04.1' --with-bugurl=file:///usr/share/doc/gcc-9/README.Bugs --enable-languages=c,ada,c++,go,brig,d,fortran,objc,obj-c++,gm2 --prefix=/usr --with-gcc-major-version-only --program-suffix=-9 --program-prefix=x86_64-linux-gnu- --enable-shared --enable-linker-build-id --libexecdir=/usr/lib --without-included-gettext --enable-threads=posix --libdir=/usr/lib --enable-nls --enable-clocale=gnu --enable-libstdcxx-debug --enable-libstdcxx-time=yes --with-default-libstdcxx-abi=new --enable-gnu-unique-object --disable-vtable-verify --enable-plugin --enable-default-pie --with-system-zlib --with-target-system-zlib=auto --enable-objc-gc=auto --enable-multiarch --disable-werror --with-arch-32=i686 --with-abi=m64 --with-multilib-list=m32,m64,mx32 --enable-multilib --with-tune=generic --enable-offload-targets=nvptx-none=/build/gcc-9-Av3uEd/gcc-9-9.4.0/debian/tmp-nvptx/usr,hsa --without-cuda-driver --enable-checking=release --build=x86_64-linux-gnu --host=x86_64-linux-gnu --target=x86_64-linux-gnu
Thread model: posix
gcc version 9.4.0 (Ubuntu 9.4.0-1ubuntu1~20.04.1) 
configure:2491: $? = 0
configure:2498: gcc -V >&5
gcc: error: unrecognized command line option '-V'
gcc: fatal error: no input files
compilation terminated.
configure:2502: $? = 1
configure:2525: checking for C compiler default output file name
configure:2547: gcc    conftest.c  >&5
configure:2551: $? = 0
configure:2589: result: a.out
configure:2608: checking whether the C compiler works
configure:2618: ./a.out
configure:2622: $? = 0
configure:2641: result: yes
configure:2648: checking whether we are cross compiling
configure:2650: result: no
configure:2653: checking for suffix of executables
configure:2660: gcc -o conftest    conftest.c  >&5
configure:2664: $? = 0
configure:2690: result: 
configure:2696: checking for suffix of object files
configure:2722: gcc -c   conftest.c >&5
configure:2726: $? = 0
configure:2751: result: o
configure:2755: checking whether we are using the GNU C compiler
configure:2784: gcc -c   conftest.c >&5
configure:2791: $? = 0
configure:2808: result: yes
configure:2817: checking whether gcc accepts -g
configure:2847: gcc -c -g  conftest.c >&5
configure:2854: $? = 0
configure:2955: result: yes
configure:2972: checking for gcc option to accept ISO C89
configure:3046: gcc  -c -g -O2  conftest.c >&5
configure:3053: $? = 0
configure:3076: result: none needed
configure:3094: checking for a sed that does not truncate output
configure:3160: result: /usr/bin/sed
configure:3178: checking for grep that handles long lines and -e
configure:3238: result: /usr/bin/grep
configure:3243: checking for egrep
configure:3307: result: /usr/bin/grep -E
configure:3312: checking for fgrep
configure:3376: result: /usr/bin/grep -F
configure:3411: checking for ld used by gcc
configure:3478: result: /usr/bin/ld
configure:3487: checking if the linker (/usr/bin/ld) is GNU ld
configure:3502: result: yes
configure:3514: checking for BSD- or MS-compatible name lister (nm)
configure:3563: result: /usr/bin/nm -B
configure:3681: checking the name lister (/usr/bin/nm -B) interface
configure:3698: gcc -c -g -O2  conftest.c >&5
configure:3701: /usr/bin/nm -B "conftest.o"
configure:3704: output
0000000000000000 B some_variable
configure:3695: result: BSD nm
configure:3698: checking whether ln -s works
configure:3702: result: yes
configure:3710: checking the maximum length of command line arguments
configure:3830: result: 1572864
configure:3847: checking whether the shell understands some XSI constructs
configure:3856: result: yes
configure:3860: checking whether the shell understands "+="
configure:3864: result: yes
configure:3899: checking for /usr/bin/ld option to reload object files
configure:3906: result: -r
configure:3975: checking for objdump
configure:3991: found /usr/bin/objdump
configure:4002: result: objdump
configure:4034: checking how to recognize dependent libraries
configure:4230: result: pass_all
configure:4290: checking for ar
configure:4306: found /usr/bin/ar
configure:4317: result: ar
configure:4395: checking for strip
configure:4411: found /usr/bin/strip
configure:4422: result: strip
configure:4494: checking for ranlib
configure:4510: found /usr/bin/ranlib
configure:4521: result: ranlib
configure:4611: checking command to parse /usr/bin/nm -B output from gcc object
configure:4729: gcc -c -g -O2  conftest.c >&5
configure:4732: $? = 0
configure:4736: /usr/bin/nm -B conftest.o \| sed -n -e 's/^.*[	 ]\([ABCDGIRSTW][ABCDGIRSTW]*\)[	 ][	 ]*\([_A-Za-z][_A-Za-z0-9]*\)$/\1 \2 \2/p' \> conftest.nm
configure:4739: $? = 0
configure:4793: gcc -o conftest -g -O2   conftest.c conftstm.o >&5
configure:4796: $? = 0
configure:4834: result: ok
configure:4930: gcc -c -g -O2  conftest.c >&5
configure:4933: $? = 0
configure:5701: checking how to run the C preprocessor
configure:5741: gcc -E  conftest.c
configure:5748: $? = 0
configure:5779: gcc -E  conftest.c
conftest.c:8:10: fatal error: ac_nonexistent.h: No such file or directory
    8 | #include <ac_nonexistent.h>
      |          ^~~~~~~~~~~~~~~~~~
compilation terminated.
configure:5786: $? = 1
configure: failed program was:
| /* confdefs.h.  */
| #define PACKAGE_NAME ""
| #define PACKAGE_TARNAME ""
| #define PACKAGE_VERSION ""
| #define PACKAGE_STRING ""
| #define PACKAGE_BUGREPORT ""
| /* end confdefs.h.  */
| #include <ac_nonexistent.h>
configure:5819: result: gcc -E
configure:5848: gcc -E  conftest.c
configure:5855: $? = 0
configure:5886: gcc -E  conftest.c
conftest.c:8:10: fatal error: ac_nonexistent.h: No such file or directory
    8 | #include <ac_nonexistent.h>
      |          ^~~~~~~~~~~~~~~~~~
compilation terminated.
configure:5893: $? = 1
configure: failed program was:
| /* confdefs.h.  */
| #define PACKAGE_NAME ""
| #define PACKAGE_TARNAME ""
| #define PACKAGE_VERSION ""
| #define PACKAGE_STRING ""
| #define PACKAGE_BUGREPORT ""
| /* end confdefs.h.  */
| #include <ac_nonexistent.h>
configure:5933: checking for ANSI C header files
configure:5963: gcc -c -g -O2  conftest.c >&5
configure:5970: $? = 0
configure:6069: gcc -o conftest -g -O2   conftest.c  >&5
configure:6073: $? = 0
configure:6079: ./conftest
configure:6083: $? = 0
configure:6101: result: yes
configure:6125: checking for sys/types.h
configure:6146: gcc -c -g -O2  conftest.c >&5
configure:6153: $? = 0
configure:6170: result: yes
configure:6125: checking for sys/stat.h
configure:6146: gcc -c -g -O2  conftest.c >&5
configure:6153: $? = 0
configure:6170: result: yes
configure:6125: checking for stdlib.h
configure:6146: gcc -c -g -O2  conftest.c >&5
configure:6153: $? = 0
configure:6170: result: yes
configure:6125: checking for string.h
configure:6146: gcc -c -g -O2  conftest.c >&5
configure:6153: $? = 0
configure:6170: result: yes
configure:6125: checking for memory.h
configure:6146: gcc -c -g -O2  conftest.c >&5
configure:6153: $? = 0
configure:6170: result: yes
configure:6125: checking for strings.h
configure:6146: gcc -c -g -O2  conftest.c >&5
configure:6153: $? = 0
configure:6170: result: yes
configure:6125: checking for inttypes.h
configure:6146: gcc -c -g -O2  conftest.c >&5
configure:6153: $? = 0
configure:6170: result: yes
configure:6125: checking for stdint.h
configure:6146: gcc -c -g -O2  conftest.c >&5
configure:6153: $? = 0
configure:6170: result: yes
configure:6125: checking for unistd.h
configure:6146: gcc -c -g -O2  conftest.c >&5
configure:6153: $? = 0
configure:6170: result: yes
configure:6188: checking for dlfcn.h
configure:6209: gcc -c -g -O2  conftest.c >&5
configure:6216: $? = 0
configure:6233: result: yes
configure:6419: checking for objdir
configure:6434: result: .libs
configure:6730: checking if gcc supports -fno-rtti -fno-exceptions
configure:6767: gcc -c -g -O2  -fno-rtti -fno-exceptions conftest.c >&5
cc1: warning: command line option '-fno-rtti' is valid for C++/D/ObjC++ but not for C
configure:6771: $? = 0
configure:6765: result: no
configure:6785: checking for gcc option to produce PIC
configure:7057: result: -fPIC -DPIC
configure:7069: checking if gcc PIC flag -fPIC -DPIC works
configure:7106: gcc -c -g -O2  -fPIC -DPIC -DPIC conftest.c >&5
configure:7110: $? = 0
configure:7104: result: yes
configure:7128: checking if gcc static flag -static works
configure:7156: result: yes
configure:7171: checking if gcc supports -c -o file.o
configure:7211: gcc -c -g -O2  -o out/conftest2.o conftest.c >&5
configure:7215: $? = 0
configure:7218: result: yes
configure:7226: checking if gcc supports -c -o file.o
configure:7273: result: yes
configure:7306: checking whether the gcc linker (/usr/bin/ld -m elf_x86_64) supports shared libraries
configure:8380: result: yes
configure:8417: checking whether -lc should be explicitly linked in
configure:8422: gcc -c -g -O2  conftest.c >&5
configure:8425: $? = 0
configure:8440: gcc -shared conftest.o  -v -Wl,-soname -Wl,conftest -o conftest 2\>\&1 \| /usr/bin/grep  -lc  \>/dev/null 2\>\&1
configure:8443: $? = 0
configure:8455: result: no
configure:8619: checking dynamic linker characteristics
configure:9062: gcc -o conftest -g -O2   -Wl,-rpath -Wl,/foo conftest.c  >&5
configure:9069: $? = 0
configure:9305: result: GNU/Linux ld.so
configure:9407: checking how to hardcode library paths into programs
configure:9432: result: immediate
configure:10265: checking whether stripping libraries is possible
configure:10270: result: yes
configure:10305: checking if libtool supports shared libraries
configure:10307: result: yes
configure:10310: checking whether to build shared libraries
configure:10331: result: yes
configure:10334: checking whether to build static libraries
configure:10338: result: yes
configure:7236: checking for a BSD-compatible install
configure:7304: result: /usr/bin/install -c
configure:7351: checking for SQLite header and library
configure:7375: result: no
configure:7377: WARNING: SQLite header files and/or library not found
configure:7397: checking for sqlite_libversion in -lsqlite
configure:7432: gcc -o conftest -g -O2 -IUNKNOWN   conftest.c -lsqlite    >&5
/usr/bin/ld: cannot find -lsqlite
collect2: error: ld returned 1 exit status
configure:7439: $? = 1
configure: failed program was:
| /* confdefs.h.  */
| #define PACKAGE_NAME ""
| #define PACKAGE_TARNAME ""
| #define PACKAGE_VERSION ""
| #define PACKAGE_STRING ""
| #define PACKAGE_BUGREPORT ""
| #define STDC_HEADERS 1
| #define HAVE_SYS_TYPES_H 1
| #define HAVE_SYS_STAT_H 1
| #define HAVE_STDLIB_H 1
| #define HAVE_STRING_H 1
| #define HAVE_MEMORY_H 1
| #define HAVE_STRINGS_H 1
| #define HAVE_INTTYPES_H 1
| #define HAVE_STDINT_H 1
| #define HAVE_UNISTD_H 1
| #define HAVE_DLFCN_H 1
| #define LT_OBJDIR ".libs/"
| /* end confdefs.h.  */
| 
| /* Override any GCC internal prototype to avoid an error.
|    Use char because int might match the return type of a GCC
|    builtin and then its argument prototype would still apply.  */
| #ifdef __cplusplus
| extern "C"
| #endif
| char sqlite_libversion ();
| int
| main ()
| {
| return sqlite_libversion ();
|   ;
|   return 0;
| }
configure:7460: result: no
configure:7468: checking for sqlite_compile in -lsqlite
configure:7503: gcc -o conftest -g -O2 -IUNKNOWN   conftest.c -lsqlite    >&5
/usr/bin/ld: cannot find -lsqlite
collect2: error: ld returned 1 exit status
configure:7510: $? = 1
configure: failed program was:
| /* confdefs.h.  */
| #define PACKAGE_NAME ""
| #define PACKAGE_TARNAME ""
| #define PACKAGE_VERSION ""
| #define PACKAGE_STRING ""
| #define PACKAGE_BUGREPORT ""
| #define STDC_HEADERS 1
| #define HAVE_SYS_TYPES_H 1
| #define HAVE_SYS_STAT_H 1
| #define HAVE_STDLIB_H 1
| #define HAVE_STRING_H 1
| #define HAVE_MEMORY_H 1
| #define HAVE_STRINGS_H 1
| #define HAVE_INTTYPES_H 1
| #define HAVE_STDINT_H 1
| #define HAVE_UNISTD_H 1
| #define HAVE_DLFCN_H 1
| #define LT_OBJDIR ".libs/"
| /* end confdefs.h.  */
| 
| /* Override any GCC internal prototype to avoid an error.
|    Use char because int might match the return type of a GCC
|    builtin and then its argument prototype would still apply.  */
| #ifdef __cplusplus
| extern "C"
| #endif
| char sqlite_compile ();
| int
| main ()
| {
| return sqlite_compile ();
|   ;
|   return 0;
| }
configure:7531: result: no
configure:7539: checking for sqlite_encode_binary in -lsqlite
configure:7574: gcc -o conftest -g -O2 -IUNKNOWN   conftest.c -lsqlite    >&5
/usr/bin/ld: cannot find -lsqlite
collect2: error: ld returned 1 exit status
configure:7581: $? = 1
configure: failed program was:
| /* confdefs.h.  */
| #define PACKAGE_NAME ""
| #define PACKAGE_TARNAME ""
| #define PACKAGE_VERSION ""
| #define PACKAGE_STRING ""
| #define PACKAGE_BUGREPORT ""
| #define STDC_HEADERS 1
| #define HAVE_SYS_TYPES_H 1
| #define HAVE_SYS_STAT_H 1
| #define HAVE_STDLIB_H 1
| #define HAVE_STRING_H 1
| #define HAVE_MEMORY_H 1
| #define HAVE_STRINGS_H 1
| #define HAVE_INTTYPES_H 1
| #define HAVE_STDINT_H 1
| #define HAVE_UNISTD_H 1
| #define HAVE_DLFCN_H 1
| #define LT_OBJDIR ".libs/"
| /* end confdefs.h.  */
| 
| /* Override any GCC internal prototype to avoid an error.
|    Use char because int might match the return type of a GCC
|    builtin and then its argument prototype would still apply.  */
| #ifdef __cplusplus
| extern "C"
| #endif
| char sqlite_encode_binary ();
| int
| main ()
| {
| return sqlite_encode_binary ();
|   ;
|   return 0;
| }
configure:7602: result: no
configure:7610: checking for sqliteAtoF in -lsqlite
configure:7645: gcc -o conftest -g -O2 -IUNKNOWN   conftest.c -lsqlite    >&5
/usr/bin/ld: cannot find -lsqlite
collect2: error: ld returned 1 exit status
configure:7652: $? = 1
configure: failed program was:
| /* confdefs.h.  */
| #define PACKAGE_NAME ""
| #define PACKAGE_TARNAME ""
| #define PACKAGE_VERSION ""
| #define PACKAGE_STRING ""
| #define PACKAGE_BUGREPORT ""
| #define STDC_HEADERS 1
| #define HAVE_SYS_TYPES_H 1
| #define HAVE_SYS_STAT_H 1
| #define HAVE_STDLIB_H 1
| #define HAVE_STRING_H 1
| #define HAVE_MEMORY_H 1
| #define HAVE_STRINGS_H 1
| #define HAVE_INTTYPES_H 1
| #define HAVE_STDINT_H 1
| #define HAVE_UNISTD_H 1
| #define HAVE_DLFCN_H 1
| #define LT_OBJDIR ".libs/"
| /* end confdefs.h.  */
| 
| /* Override any GCC internal prototype to avoid an error.
|    Use char because int might match the return type of a GCC
|    builtin and then its argument prototype would still apply.  */
| #ifdef __cplusplus
| extern "C"
| #endif
| char sqliteAtoF ();
| int
| main ()
| {
| return sqliteAtoF ();
|   ;
|   return 0;
| }
configure:7673: result: no
configure:7681: checking for sqlite_mprintf in -lsqlite
configure:7716: gcc -o conftest -g -O2 -IUNKNOWN   conftest.c -lsqlite    >&5
/usr/bin/ld: cannot find -lsqlite
collect2: error: ld returned 1 exit status
configure:7723: $? = 1
configure: failed program was:
| /* confdefs.h.  */
| #define PACKAGE_NAME ""
| #define PACKAGE_TARNAME ""
| #define PACKAGE_VERSION ""
| #define PACKAGE_STRING ""
| #define PACKAGE_BUGREPORT ""
| #define STDC_HEADERS 1
| #define HAVE_SYS_TYPES_H 1
| #define HAVE_SYS_STAT_H 1
| #define HAVE_STDLIB_H 1
| #define HAVE_STRING_H 1
| #define HAVE_MEMORY_H 1
| #define HAVE_STRINGS_H 1
| #define HAVE_INTTYPES_H 1
| #define HAVE_STDINT_H 1
| #define HAVE_UNISTD_H 1
| #define HAVE_DLFCN_H 1
| #define LT_OBJDIR ".libs/"
| /* end confdefs.h.  */
| 
| /* Override any GCC internal prototype to avoid an error.
|    Use char because int might match the return type of a GCC
|    builtin and then its argument prototype would still apply.  */
| #ifdef __cplusplus
| extern "C"
| #endif
| char sqlite_mprintf ();
| int
| main ()
| {
| return sqlite_mprintf ();
|   ;
|   return 0;
| }
configure:7744: result: no
configure:7752: checking for sqlite_trace in -lsqlite
configure:7787: gcc -o conftest -g -O2 -IUNKNOWN   conftest.c -lsqlite    >&5
/usr/bin/ld: cannot find -lsqlite
collect2: error: ld returned 1 exit status
configure:7794: $? = 1
configure: failed program was:
| /* confdefs.h.  */
| #define PACKAGE_NAME ""
| #define PACKAGE_TARNAME ""
| #define PACKAGE_VERSION ""
| #define PACKAGE_STRING ""
| #define PACKAGE_BUGREPORT ""
| #define STDC_HEADERS 1
| #define HAVE_SYS_TYPES_H 1
| #define HAVE_SYS_STAT_H 1
| #define HAVE_STDLIB_H 1
| #define HAVE_STRING_H 1
| #define HAVE_MEMORY_H 1
| #define HAVE_STRINGS_H 1
| #define HAVE_INTTYPES_H 1
| #define HAVE_STDINT_H 1
| #define HAVE_UNISTD_H 1
| #define HAVE_DLFCN_H 1
| #define LT_OBJDIR ".libs/"
| /* end confdefs.h.  */
| 
| /* Override any GCC internal prototype to avoid an error.
|    Use char because int might match the return type of a GCC
|    builtin and then its argument prototype would still apply.  */
| #ifdef __cplusplus
| extern "C"
| #endif
| char sqlite_trace ();
| int
| main ()
| {
| return sqlite_trace ();
|   ;
|   return 0;
| }
configure:7815: result: no
configure:7831: WARNING: SQLite library too old, need 2.8.0 or later
configure:7871: checking for SQLite3 header and library
configure:7907: result: yes
configure:7950: checking for sqlite3_load_extension in -lsqlite3
configure:7985: gcc -o conftest -g -O2 -I/usr/include   conftest.c -lsqlite3   -L/usr/lib >&5
configure:7992: $? = 0
configure:8013: result: yes
configure:8100: checking for sqlite3_column_table_name in -lsqlite3
configure:8135: gcc -o conftest -g -O2 -I/usr/include   conftest.c -lsqlite3   -L/usr/lib >&5
configure:8142: $? = 0
configure:8163: result: yes
configure:8171: checking for sqlite3_column_database_name in -lsqlite3
configure:8206: gcc -o conftest -g -O2 -I/usr/include   conftest.c -lsqlite3   -L/usr/lib >&5
configure:8213: $? = 0
configure:8234: result: yes
configure:8242: checking for sqlite3_column_origin_name in -lsqlite3
configure:8277: gcc -o conftest -g -O2 -I/usr/include   conftest.c -lsqlite3   -L/usr/lib >&5
configure:8284: $? = 0
configure:8305: result: yes
configure:8313: checking for sqlite3_overload_function in -lsqlite3
configure:8348: gcc -o conftest -g -O2 -I/usr/include   conftest.c -lsqlite3   -L/usr/lib >&5
configure:8355: $? = 0
configure:8376: result: yes
configure:8384: checking for sqlite3_prepare_v2 in -lsqlite3
configure:8419: gcc -o conftest -g -O2 -I/usr/include   conftest.c -lsqlite3   -L/usr/lib >&5
configure:8426: $? = 0
configure:8447: result: yes
configure:8455: checking for sqlite3_clear_bindings in -lsqlite3
configure:8490: gcc -o conftest -g -O2 -I/usr/include   conftest.c -lsqlite3   -L/usr/lib >&5
configure:8497: $? = 0
configure:8518: result: yes
configure:8526: checking for sqlite3_create_module_v2 in -lsqlite3
configure:8561: gcc -o conftest -g -O2 -I/usr/include   conftest.c -lsqlite3   -L/usr/lib >&5
configure:8568: $? = 0
configure:8589: result: yes
configure:8597: checking for sqlite3_vfs_register in -lsqlite3
configure:8632: gcc -o conftest -g -O2 -I/usr/include   conftest.c -lsqlite3   -L/usr/lib >&5
configure:8639: $? = 0
configure:8660: result: yes
configure:8668: checking for sqlite3_table_column_metadata in -lsqlite3
configure:8703: gcc -o conftest -g -O2 -I/usr/include   conftest.c -lsqlite3   -L/usr/lib >&5
configure:8710: $? = 0
configure:8731: result: yes
configure:8739: checking for sqlite3_profile in -lsqlite3
configure:8774: gcc -o conftest -g -O2 -I/usr/include   conftest.c -lsqlite3   -L/usr/lib >&5
configure:8781: $? = 0
configure:8802: result: yes
configure:8810: checking for sqlite3_strnicmp in -lsqlite3
configure:8845: gcc -o conftest -g -O2 -I/usr/include   conftest.c -lsqlite3   -L/usr/lib >&5
configure:8852: $? = 0
configure:8873: result: yes
configure:8881: checking for sqlite3_close_v2 in -lsqlite3
configure:8916: gcc -o conftest -g -O2 -I/usr/include   conftest.c -lsqlite3   -L/usr/lib >&5
configure:8923: $? = 0
configure:8944: result: yes
configure:8961: checking for library containing zlibVersion
configure:9002: gcc -o conftest -g -O2   conftest.c  >&5
/usr/bin/ld: /tmp/ccMq7hNm.o: in function `main':
/home/brunengo/Escritorio/ComputaciÃ³n II/computacion_II/final/connectors/sqliteodbc-0.9998/conftest.c:31: undefined reference to `zlibVersion'
collect2: error: ld returned 1 exit status
configure:9009: $? = 1
configure: failed program was:
| /* confdefs.h.  */
| #define PACKAGE_NAME ""
| #define PACKAGE_TARNAME ""
| #define PACKAGE_VERSION ""
| #define PACKAGE_STRING ""
| #define PACKAGE_BUGREPORT ""
| #define STDC_HEADERS 1
| #define HAVE_SYS_TYPES_H 1
| #define HAVE_SYS_STAT_H 1
| #define HAVE_STDLIB_H 1
| #define HAVE_STRING_H 1
| #define HAVE_MEMORY_H 1
| #define HAVE_STRINGS_H 1
| #define HAVE_INTTYPES_H 1
| #define HAVE_STDINT_H 1
| #define HAVE_UNISTD_H 1
| #define HAVE_DLFCN_H 1
| #define LT_OBJDIR ".libs/"
| /* end confdefs.h.  */
| 
| /* Override any GCC internal prototype to avoid an error.
|    Use char because int might match the return type of a GCC
|    builtin and then its argument prototype would still apply.  */
| #ifdef __cplusplus
| extern "C"
| #endif
| char zlibVersion ();
| int
| main ()
| {
| return zlibVersion ();
|   ;
|   return 0;
| }
configure:9002: gcc -o conftest -g -O2   conftest.c -lz   >&5
configure:9009: $? = 0
configure:9040: result: -lz
configure:9061: checking zlib.h usability
configure:9078: gcc -c -g -O2  conftest.c >&5
configure:9085: $? = 0
configure:9099: result: yes
configure:9103: checking zlib.h presence
configure:9118: gcc -E  conftest.c
configure:9125: $? = 0
configure:9139: result: yes
configure:9167: checking for zlib.h
configure:9176: result: yes
configure:9251: checking for SQLite4 header and library
configure:9267: result: no
configure:9269: WARNING: SQLite4 header file and source not found
configure:9302: checking for libxml2 header and library
configure:9323: result: no
configure:9386: checking for ODBC headers and libraries
configure:9432: result: yes
configure:9443: checking for SQLLEN availability
configure:9469: gcc -c -g -O2 -DHAVE_UNIXODBC=1 -I/usr/include -DHAVE_ODBCINSTEXT_H=1 -Imissing  conftest.c >&5
configure:9476: $? = 0
configure:9482: result: yes
configure:9496: checking for SQLULEN availability
configure:9522: gcc -c -g -O2 -DHAVE_UNIXODBC=1 -I/usr/include -DHAVE_ODBCINSTEXT_H=1 -Imissing  conftest.c >&5
configure:9529: $? = 0
configure:9535: result: yes
configure:9549: checking for SQLROWCOUNT availability
configure:9575: gcc -c -g -O2 -DHAVE_UNIXODBC=1 -I/usr/include -DHAVE_ODBCINSTEXT_H=1 -Imissing  conftest.c >&5
conftest.c: In function 'main':
conftest.c:28:1: error: unknown type name 'SQLROWCOUNT'
   28 | SQLROWCOUNT rc = 1;
      | ^~~~~~~~~~~
configure:9582: $? = 1
configure: failed program was:
| /* confdefs.h.  */
| #define PACKAGE_NAME ""
| #define PACKAGE_TARNAME ""
| #define PACKAGE_VERSION ""
| #define PACKAGE_STRING ""
| #define PACKAGE_BUGREPORT ""
| #define STDC_HEADERS 1
| #define HAVE_SYS_TYPES_H 1
| #define HAVE_SYS_STAT_H 1
| #define HAVE_STDLIB_H 1
| #define HAVE_STRING_H 1
| #define HAVE_MEMORY_H 1
| #define HAVE_STRINGS_H 1
| #define HAVE_INTTYPES_H 1
| #define HAVE_STDINT_H 1
| #define HAVE_UNISTD_H 1
| #define HAVE_DLFCN_H 1
| #define LT_OBJDIR ".libs/"
| #define HAVE_ZLIB_H 1
| /* end confdefs.h.  */
| 
| #include <sql.h>
| #include <sqltypes.h>
| 
| int
| main ()
| {
| SQLROWCOUNT rc = 1;
|   ;
|   return 0;
| }
configure:9596: result: no
configure:9602: checking for SQLSETPOSIROW availability
configure:9628: gcc -c -g -O2 -DHAVE_UNIXODBC=1 -I/usr/include -DHAVE_ODBCINSTEXT_H=1 -Imissing  conftest.c >&5
configure:9635: $? = 0
configure:9641: result: yes
configure:9655: checking for SQLROWOFFSET availability
configure:9681: gcc -c -g -O2 -DHAVE_UNIXODBC=1 -I/usr/include -DHAVE_ODBCINSTEXT_H=1 -Imissing  conftest.c >&5
conftest.c: In function 'main':
conftest.c:28:1: error: unknown type name 'SQLROWOFFSET'
   28 | SQLROWOFFSET rc = 1;
      | ^~~~~~~~~~~~
configure:9688: $? = 1
configure: failed program was:
| /* confdefs.h.  */
| #define PACKAGE_NAME ""
| #define PACKAGE_TARNAME ""
| #define PACKAGE_VERSION ""
| #define PACKAGE_STRING ""
| #define PACKAGE_BUGREPORT ""
| #define STDC_HEADERS 1
| #define HAVE_SYS_TYPES_H 1
| #define HAVE_SYS_STAT_H 1
| #define HAVE_STDLIB_H 1
| #define HAVE_STRING_H 1
| #define HAVE_MEMORY_H 1
| #define HAVE_STRINGS_H 1
| #define HAVE_INTTYPES_H 1
| #define HAVE_STDINT_H 1
| #define HAVE_UNISTD_H 1
| #define HAVE_DLFCN_H 1
| #define LT_OBJDIR ".libs/"
| #define HAVE_ZLIB_H 1
| /* end confdefs.h.  */
| 
| #include <sql.h>
| #include <sqltypes.h>
| 
| int
| main ()
| {
| SQLROWOFFSET rc = 1;
|   ;
|   return 0;
| }
configure:9702: result: no
configure:9708: checking for SQLROWSETSIZE availability
configure:9734: gcc -c -g -O2 -DHAVE_UNIXODBC=1 -I/usr/include -DHAVE_ODBCINSTEXT_H=1 -Imissing  conftest.c >&5
conftest.c: In function 'main':
conftest.c:28:1: error: unknown type name 'SQLROWSETSIZE'
   28 | SQLROWSETSIZE rc = 1;
      | ^~~~~~~~~~~~~
configure:9741: $? = 1
configure: failed program was:
| /* confdefs.h.  */
| #define PACKAGE_NAME ""
| #define PACKAGE_TARNAME ""
| #define PACKAGE_VERSION ""
| #define PACKAGE_STRING ""
| #define PACKAGE_BUGREPORT ""
| #define STDC_HEADERS 1
| #define HAVE_SYS_TYPES_H 1
| #define HAVE_SYS_STAT_H 1
| #define HAVE_STDLIB_H 1
| #define HAVE_STRING_H 1
| #define HAVE_MEMORY_H 1
| #define HAVE_STRINGS_H 1
| #define HAVE_INTTYPES_H 1
| #define HAVE_STDINT_H 1
| #define HAVE_UNISTD_H 1
| #define HAVE_DLFCN_H 1
| #define LT_OBJDIR ".libs/"
| #define HAVE_ZLIB_H 1
| /* end confdefs.h.  */
| 
| #include <sql.h>
| #include <sqltypes.h>
| 
| int
| main ()
| {
| SQLROWSETSIZE rc = 1;
|   ;
|   return 0;
| }
configure:9755: result: no
configure:9761: checking for SQLColAttribute signature has SQLLEN
configure:9802: gcc -c -g -O2 -DHAVE_UNIXODBC=1 -I/usr/include -DHAVE_ODBCINSTEXT_H=1 -Imissing  conftest.c >&5
configure:9809: $? = 0
configure:9815: result: yes
configure:9829: checking for SQLSetStmtOption signature has SQLULEN
configure:9864: gcc -c -g -O2 -DHAVE_UNIXODBC=1 -I/usr/include -DHAVE_ODBCINSTEXT_H=1 -Imissing  conftest.c >&5
configure:9871: $? = 0
configure:9877: result: yes
configure:9891: checking for SQLWCHAR availability
configure:9917: gcc -c -g -O2 -DHAVE_UNIXODBC=1 -I/usr/include -DHAVE_ODBCINSTEXT_H=1 -Imissing  conftest.c >&5
configure:9924: $? = 0
configure:9930: result: yes
configure:9944: checking for SQLBIGINT availability
configure:9970: gcc -c -g -O2 -DHAVE_UNIXODBC=1 -I/usr/include -DHAVE_ODBCINSTEXT_H=1 -Imissing  conftest.c >&5
configure:9977: $? = 0
configure:9983: result: yes
configure:9997: checking for ptrdiff_t availability
configure:10023: gcc -c -g -O2 -DHAVE_UNIXODBC=1 -I/usr/include -DHAVE_ODBCINSTEXT_H=1 -Imissing  conftest.c >&5
configure:10030: $? = 0
configure:10036: result: yes
configure:10058: checking for dlopen in -ldl
configure:10093: gcc -o conftest -g -O2   conftest.c -ldl  -lz  >&5
configure:10100: $? = 0
configure:10121: result: yes
configure:10130: checking for SQLGetPrivateProfileString via dlopen
configure:10171: gcc -o conftest -g -O2   conftest.c -lz  -ldl >&5
conftest.c: In function 'main':
conftest.c:36:7: warning: implicit declaration of function 'exit' [-Wimplicit-function-declaration]
   36 |       exit(0);
      |       ^~~~
conftest.c:36:7: warning: incompatible implicit declaration of built-in function 'exit'
conftest.c:23:1: note: include '<stdlib.h>' or provide a declaration of 'exit'
   22 | #include <dlfcn.h>
  +++ |+#include <stdlib.h>
   23 | 
conftest.c:38:4: warning: incompatible implicit declaration of built-in function 'exit'
   38 |    exit(1);
      |    ^~~~
conftest.c:38:4: note: include '<stdlib.h>' or provide a declaration of 'exit'
configure:10175: $? = 0
configure:10181: ./conftest
configure:10185: $? = 0
configure:10190: result: yes
configure:10219: checking va_list usage
configure:10262: gcc -o conftest -g -O2   conftest.c -lz  >&5
conftest.c: In function 'main':
conftest.c:43:4: warning: implicit declaration of function 'exit' [-Wimplicit-function-declaration]
   43 |    exit(vatest(NULL, vatest, 0.0, 0, NULL));
      |    ^~~~
conftest.c:43:4: warning: incompatible implicit declaration of built-in function 'exit'
conftest.c:24:1: note: include '<stdlib.h>' or provide a declaration of 'exit'
   23 | #include <stdio.h>
  +++ |+#include <stdlib.h>
   24 | 
configure:10266: $? = 0
configure:10272: ./conftest
configure:10276: $? = 1
configure: program exited with status 1
configure: failed program was:
| /* confdefs.h.  */
| #define PACKAGE_NAME ""
| #define PACKAGE_TARNAME ""
| #define PACKAGE_VERSION ""
| #define PACKAGE_STRING ""
| #define PACKAGE_BUGREPORT ""
| #define STDC_HEADERS 1
| #define HAVE_SYS_TYPES_H 1
| #define HAVE_SYS_STAT_H 1
| #define HAVE_STDLIB_H 1
| #define HAVE_STRING_H 1
| #define HAVE_MEMORY_H 1
| #define HAVE_STRINGS_H 1
| #define HAVE_INTTYPES_H 1
| #define HAVE_STDINT_H 1
| #define HAVE_UNISTD_H 1
| #define HAVE_DLFCN_H 1
| #define LT_OBJDIR ".libs/"
| #define HAVE_ZLIB_H 1
| /* end confdefs.h.  */
| 
| #include <stdarg.h>
| #include <stdio.h>
| 
| static int
| vatest(char **x, ...)
| {
|    va_list ap;
|    char *y;
|    int ret;
| 
|    va_start(ap, x);
|    y = va_arg(ap, char *);
|    x = (char **) &x + 1;
|    ret = (y != *x);
|    va_end(ap);
|    return ret;
| }
| 
| int
| main(int argc, char **argv)
| {
|    exit(vatest(NULL, vatest, 0.0, 0, NULL));
| }
| 
configure:10292: result: NOT using sqlite_exec_vprintf/sqlite_vmprintf
configure:10300: checking for usleep
configure:10356: gcc -o conftest -g -O2   conftest.c -lz  >&5
configure:10363: $? = 0
configure:10383: result: yes
configure:10389: checking for nanosleep
configure:10445: gcc -o conftest -g -O2   conftest.c -lz  >&5
configure:10452: $? = 0
configure:10472: result: yes
configure:10482: checking for localeconv
configure:10538: gcc -o conftest -g -O2   conftest.c -lz  >&5
configure:10545: $? = 0
configure:10565: result: yes
configure:10575: checking for localtime_r
configure:10631: gcc -o conftest -g -O2   conftest.c -lz  >&5
configure:10638: $? = 0
configure:10658: result: yes
configure:10668: checking for gmtime_r
configure:10724: gcc -o conftest -g -O2   conftest.c -lz  >&5
configure:10731: $? = 0
configure:10751: result: yes
configure:10944: creating ./config.status

## ---------------------- ##
## Running config.status. ##
## ---------------------- ##

This file was extended by config.status, which was
generated by GNU Autoconf 2.63.  Invocation command line was

  CONFIG_FILES    = 
  CONFIG_HEADERS  = 
  CONFIG_LINKS    = 
  CONFIG_COMMANDS = 
  $ ./config.status 

on brunou-IdeaPad-3-14ADA05

config.status:918: creating Makefile
config.status:918: creating sqliteodbc.spec
config.status:918: creating debian/changelog
config.status:1123: executing libtool commands

## ---------------- ##
## Cache variables. ##
## ---------------- ##

ac_cv_build=x86_64-unknown-linux-gnu
ac_cv_c_compiler_gnu=yes
ac_cv_env_CC_set=
ac_cv_env_CC_value=
ac_cv_env_CFLAGS_set=
ac_cv_env_CFLAGS_value=
ac_cv_env_CPPFLAGS_set=
ac_cv_env_CPPFLAGS_value=
ac_cv_env_CPP_set=
ac_cv_env_CPP_value=
ac_cv_env_LDFLAGS_set=
ac_cv_env_LDFLAGS_value=
ac_cv_env_LIBS_set=
ac_cv_env_LIBS_value=
ac_cv_env_build_alias_set=
ac_cv_env_build_alias_value=
ac_cv_env_host_alias_set=
ac_cv_env_host_alias_value=
ac_cv_env_target_alias_set=
ac_cv_env_target_alias_value=
ac_cv_func_gmtime_r=yes
ac_cv_func_localeconv=yes
ac_cv_func_localtime_r=yes
ac_cv_func_nanosleep=yes
ac_cv_func_usleep=yes
ac_cv_header_dlfcn_h=yes
ac_cv_header_inttypes_h=yes
ac_cv_header_memory_h=yes
ac_cv_header_stdc=yes
ac_cv_header_stdint_h=yes
ac_cv_header_stdlib_h=yes
ac_cv_header_string_h=yes
ac_cv_header_strings_h=yes
ac_cv_header_sys_stat_h=yes
ac_cv_header_sys_types_h=yes
ac_cv_header_unistd_h=yes
ac_cv_header_zlib_h=yes
ac_cv_host=x86_64-unknown-linux-gnu
ac_cv_lib_dl_dlopen=yes
ac_cv_lib_sqlite3_sqlite3_clear_bindings=yes
ac_cv_lib_sqlite3_sqlite3_close_v2=yes
ac_cv_lib_sqlite3_sqlite3_column_database_name=yes
ac_cv_lib_sqlite3_sqlite3_column_origin_name=yes
ac_cv_lib_sqlite3_sqlite3_column_table_name=yes
ac_cv_lib_sqlite3_sqlite3_create_module_v2=yes
ac_cv_lib_sqlite3_sqlite3_load_extension=yes
ac_cv_lib_sqlite3_sqlite3_overload_function=yes
ac_cv_lib_sqlite3_sqlite3_prepare_v2=yes
ac_cv_lib_sqlite3_sqlite3_profile=yes
ac_cv_lib_sqlite3_sqlite3_strnicmp=yes
ac_cv_lib_sqlite3_sqlite3_table_column_metadata=yes
ac_cv_lib_sqlite3_sqlite3_vfs_register=yes
ac_cv_lib_sqlite_sqliteAtoF=no
ac_cv_lib_sqlite_sqlite_compile=no
ac_cv_lib_sqlite_sqlite_encode_binary=no
ac_cv_lib_sqlite_sqlite_libversion=no
ac_cv_lib_sqlite_sqlite_mprintf=no
ac_cv_lib_sqlite_sqlite_trace=no
ac_cv_objext=o
ac_cv_path_EGREP='/usr/bin/grep -E'
ac_cv_path_FGREP='/usr/bin/grep -F'
ac_cv_path_GREP=/usr/bin/grep
ac_cv_path_SED=/usr/bin/sed
ac_cv_path_install='/usr/bin/install -c'
ac_cv_prog_CPP='gcc -E'
ac_cv_prog_ac_ct_AR=ar
ac_cv_prog_ac_ct_CC=gcc
ac_cv_prog_ac_ct_OBJDUMP=objdump
ac_cv_prog_ac_ct_RANLIB=ranlib
ac_cv_prog_ac_ct_STRIP=strip
ac_cv_prog_cc_c89=
ac_cv_prog_cc_g=yes
ac_cv_search_zlibVersion=-lz
lt_cv_deplibs_check_method=pass_all
lt_cv_file_magic_cmd='$MAGIC_CMD'
lt_cv_file_magic_test_file=
lt_cv_ld_reload_flag=-r
lt_cv_nm_interface='BSD nm'
lt_cv_objdir=.libs
lt_cv_path_LD=/usr/bin/ld
lt_cv_path_NM='/usr/bin/nm -B'
lt_cv_prog_compiler_c_o=yes
lt_cv_prog_compiler_pic_works=yes
lt_cv_prog_compiler_rtti_exceptions=no
lt_cv_prog_compiler_static_works=yes
lt_cv_prog_gnu_ld=yes
lt_cv_sys_global_symbol_pipe='sed -n -e '\''s/^.*[	 ]\([ABCDGIRSTW][ABCDGIRSTW]*\)[	 ][	 ]*\([_A-Za-z][_A-Za-z0-9]*\)$/\1 \2 \2/p'\'''
lt_cv_sys_global_symbol_to_c_name_address='sed -n -e '\''s/^: \([^ ]*\) $/  {\"\1\", (void *) 0},/p'\'' -e '\''s/^[ABCDGIRSTW]* \([^ ]*\) \([^ ]*\)$/  {"\2", (void *) \&\2},/p'\'''
lt_cv_sys_global_symbol_to_c_name_address_lib_prefix='sed -n -e '\''s/^: \([^ ]*\) $/  {\"\1\", (void *) 0},/p'\'' -e '\''s/^[ABCDGIRSTW]* \([^ ]*\) \(lib[^ ]*\)$/  {"\2", (void *) \&\2},/p'\'' -e '\''s/^[ABCDGIRSTW]* \([^ ]*\) \([^ ]*\)$/  {"lib\2", (void *) \&\2},/p'\'''
lt_cv_sys_global_symbol_to_cdecl='sed -n -e '\''s/^T .* \(.*\)$/extern int \1();/p'\'' -e '\''s/^[ABCDGIRSTW]* .* \(.*\)$/extern char \1;/p'\'''
lt_cv_sys_max_cmd_len=1572864

## ----------------- ##
## Output variables. ##
## ----------------- ##

AR='ar'
CC='gcc'
CFLAGS='-g -O2'
CPP='gcc -E'
CPPFLAGS=''
DEB_CHANGELOG_TS='Mon, 15 May 2023 14:54:40 -0300'
DEFS='-DPACKAGE_NAME=\"\" -DPACKAGE_TARNAME=\"\" -DPACKAGE_VERSION=\"\" -DPACKAGE_STRING=\"\" -DPACKAGE_BUGREPORT=\"\" -DSTDC_HEADERS=1 -DHAVE_SYS_TYPES_H=1 -DHAVE_SYS_STAT_H=1 -DHAVE_STDLIB_H=1 -DHAVE_STRING_H=1 -DHAVE_MEMORY_H=1 -DHAVE_STRINGS_H=1 -DHAVE_INTTYPES_H=1 -DHAVE_STDINT_H=1 -DHAVE_UNISTD_H=1 -DHAVE_DLFCN_H=1 -DLT_OBJDIR=\".libs/\" -DHAVE_ZLIB_H=1'
DL_INITFINI=''
DL_OPTS=''
DRVDIR='/odbc'
DRVINST_TARGETS=' drvinst-3'
DRVUNINST_TARGETS=' drvuninst-3'
DSYMUTIL=''
DUMPBIN=''
ECHO_C=''
ECHO_N='-n'
ECHO_T=''
EGREP='/usr/bin/grep -E'
EXEEXT=''
EXT_BLOBTOXY='libsqlite3_mod_blobtoxy.la'
EXT_CSVTABLE='libsqlite3_mod_csvtable.la'
EXT_IMPEXP='libsqlite3_mod_impexp.la'
EXT_XPATH=''
EXT_ZIPFILE='libsqlite3_mod_zipfile.la'
FGREP='/usr/bin/grep -F'
GREP='/usr/bin/grep'
INSTALL_DATA='${INSTALL} -m 644'
INSTALL_PROGRAM='${INSTALL}'
INSTALL_SCRIPT='${INSTALL}'
INST_TARGETS=' install-3'
LD='/usr/bin/ld -m elf_x86_64'
LDFLAGS=''
LIBOBJS=''
LIBS='-lz '
LIBTOOL='$(SHELL) $(top_builddir)/libtool'
LIB_TARGETS=' libsqlite3odbc.la libsqlite3_mod_blobtoxy.la libsqlite3_mod_impexp.la libsqlite3_mod_csvtable.la libsqlite3_mod_zipfile.la'
LIPO=''
LN_S='ln -s'
LTLIBOBJS=''
NM='/usr/bin/nm -B'
NMEDIT=''
OBJDUMP='objdump'
OBJEXT='o'
ODBC_FLAGS='-DHAVE_UNIXODBC=1 -I/usr/include -DHAVE_ODBCINSTEXT_H=1 -Imissing -DHAVE_SQLLEN=1 -DHAVE_SQLULEN=1 -DHAVE_SQLSETPOSIROW=1 -DCOLATTRIBUTE_LAST_ARG_TYPE=SQLLEN_PTR -DSETSTMTOPTION_LAST_ARG_TYPE=SQLULEN -DHAVE_SQLWCHAR=1 -DHAVE_LONG_LONG=1 -DPTRDIFF_T=ptrdiff_t -DUSE_DLOPEN_FOR_GPPS -DCANT_PASS_VALIST_AS_CHARPTR=1 -DHAVE_USLEEP=1 -DHAVE_NANOSLEEP=1 -DHAVE_LOCALECONV=1 -DHAVE_LOCALTIME_R=1 -DHAVE_GMTIME_R=1 -DWITHOUT_WINTERFACE=1'
ODBC_LIB='-ldl'
OTOOL64=''
OTOOL=''
PACKAGE_BUGREPORT=''
PACKAGE_NAME=''
PACKAGE_STRING=''
PACKAGE_TARNAME=''
PACKAGE_VERSION=''
PATH_SEPARATOR=':'
RANLIB='ranlib'
SED='/usr/bin/sed'
SHELL='/bin/bash'
SPEC_CHANGELOG_TS='Mon May 15 2023'
SQLITE3_A10N_C=''
SQLITE3_A10N_FLAGS=''
SQLITE3_A10N_O=''
SQLITE3_CLEARBINDINGS='1'
SQLITE3_CLOSE_V2='1'
SQLITE3_COLUMNDATABASENAME='1'
SQLITE3_COLUMNORIGINNAME='1'
SQLITE3_COLUMNTABLENAME='1'
SQLITE3_CREATEMODULE_V2='1'
SQLITE3_INC='/usr/include'
SQLITE3_LIB='-lsqlite3'
SQLITE3_LOADEXTENSION='1'
SQLITE3_OVERLOADFUNCTION='1'
SQLITE3_PREPARE_V2='1'
SQLITE3_PROFILE='1'
SQLITE3_STRNICMP='1'
SQLITE3_TABLECOLUMNMETADATA='1'
SQLITE3_VFS='1'
SQLITE4_A10N_C=''
SQLITE4_A10N_FLAGS=''
SQLITE4_A10N_O=''
SQLITE4_INC='UNKNOWN'
SQLITE_ATOF='0'
SQLITE_ENCDEC='0'
SQLITE_INC='UNKNOWN'
SQLITE_LIB='UNKNOWN'
SQLITE_LIBVERSION='0'
SQLITE_MPRINTF='0'
SQLITE_TRACE='0'
STRIP='strip'
UNINST_TARGETS=' uninstall-3'
VER_INFO='0.9998'
XML2_FLAGS=''
XML2_LIBS=''
ac_ct_CC='gcc'
ac_ct_DUMPBIN=''
bindir='${exec_prefix}/bin'
build='x86_64-unknown-linux-gnu'
build_alias=''
build_cpu='x86_64'
build_os='linux-gnu'
build_vendor='unknown'
datadir='${datarootdir}'
datarootdir='${prefix}/share'
docdir='${datarootdir}/doc/${PACKAGE}'
dvidir='${docdir}'
exec_prefix='${prefix}'
host='x86_64-unknown-linux-gnu'
host_alias=''
host_cpu='x86_64'
host_os='linux-gnu'
host_vendor='unknown'
htmldir='${docdir}'
includedir='${prefix}/include'
infodir='${datarootdir}/info'
libdir='${exec_prefix}/lib'
libexecdir='${exec_prefix}/libexec'
localedir='${datarootdir}/locale'
localstatedir='${prefix}/var'
lt_ECHO='echo'
mandir='${datarootdir}/man'
oldincludedir='/usr/include'
pdfdir='${docdir}'
prefix='/usr/local'
program_transform_name='s,x,x,'
psdir='${docdir}'
sbindir='${exec_prefix}/sbin'
sharedstatedir='${prefix}/com'
sysconfdir='${prefix}/etc'
target_alias=''

## ----------- ##
## confdefs.h. ##
## ----------- ##

#define PACKAGE_NAME ""
#define PACKAGE_TARNAME ""
#define PACKAGE_VERSION ""
#define PACKAGE_STRING ""
#define PACKAGE_BUGREPORT ""
#define STDC_HEADERS 1
#define HAVE_SYS_TYPES_H 1
#define HAVE_SYS_STAT_H 1
#define HAVE_STDLIB_H 1
#define HAVE_STRING_H 1
#define HAVE_MEMORY_H 1
#define HAVE_STRINGS_H 1
#define HAVE_INTTYPES_H 1
#define HAVE_STDINT_H 1
#define HAVE_UNISTD_H 1
#define HAVE_DLFCN_H 1
#define LT_OBJDIR ".libs/"
#define HAVE_ZLIB_H 1

configure: exit 0
